<?xml version="1.0" encoding="UTF-8"?>
<!-- Generated by org.testng.reporters.JUnitXMLReporter -->
<testsuite ignored="0" hostname="DESKTOP-I0BVM3E" failures="0" tests="8" name="Default test" time="31.188" errors="0" timestamp="2024-02-11T22:45:00 IST">
  <testcase classname="com.entrat.testclasses.TC_nevigatetosigninTEST" name="lauchbrower" time="0.459"/>
  <testcase classname="com.entrat.testclasses.TC_nevigatetosigninTEST" name="verifySignInPage" time="2.37"/>
  <testcase classname="com.entrat.testclasses.TC_nevigatetosigninTEST" name="nagvigatingToHomeScreen" time="3.404"/>
  <testcase classname="com.entrat.testclasses.TC_nevigatetosigninTEST" name="ResidentialClick" time="7.083"/>
  <testcase classname="com.entrat.testclasses.TC_nevigatetosigninTEST" name="LanguageDropDown" time="5.496"/>
  <testcase classname="com.entrat.testclasses.TC_nevigatetosigninTEST" name="viewWebsite" time="0.361"/>
  <testcase classname="com.entrat.testclasses.TC_nevigatetosigninTEST" name="contactUs" time="0.121"/>
  <testcase classname="com.entrat.testclasses.TC_nevigatetosigninTEST" name="fillContactInfo" time="1.745"/>
</testsuite> <!-- Default test -->
