<?xml version="1.0" encoding="UTF-8"?>
<!-- Generated by org.testng.reporters.JUnitXMLReporter -->
<testsuite ignored="0" hostname="DESKTOP-I0BVM3E" failures="0" tests="8" name="Default test" time="21.557" errors="0" timestamp="2024-02-11T20:58:27 IST">
  <testcase classname="com.entrat.testclasses.TC_nevigatetosigninTEST" name="lauchbrower" time="0.335"/>
  <testcase classname="com.entrat.testclasses.TC_nevigatetosigninTEST" name="verifySignInPage" time="2.139"/>
  <testcase classname="com.entrat.testclasses.TC_nevigatetosigninTEST" name="nagvigatingToHomeScreen" time="3.84"/>
  <testcase classname="com.entrat.testclasses.TC_nevigatetosigninTEST" name="ResidentialClick" time="4.179"/>
  <testcase classname="com.entrat.testclasses.TC_nevigatetosigninTEST" name="LanguageDropDown" time="3.057"/>
  <testcase classname="com.entrat.testclasses.TC_nevigatetosigninTEST" name="viewWebsite" time="0.167"/>
  <testcase classname="com.entrat.testclasses.TC_nevigatetosigninTEST" name="contactUs" time="0.096"/>
  <testcase classname="com.entrat.testclasses.TC_nevigatetosigninTEST" name="fillContactInfo" time="1.266"/>
</testsuite> <!-- Default test -->
